[2024-07-20 11:40:11,686: INFO: test: Welcome to our custom Log]
[2024-07-20 12:51:20,290: INFO: common: yaml file: config\config.yaml loaded successfully]
[2024-07-20 12:51:20,296: INFO: common: yaml file: params.yaml loaded successfully]
[2024-07-20 12:51:20,298: INFO: common: created directory at: artifacts]
[2024-07-20 12:51:20,299: INFO: common: created directory at: artifacts/data_ingestion]
[2024-07-23 19:19:00,277: INFO: main: >>>>>> stage Data Ingestion stage started <<<<<<]
[2024-07-23 19:19:00,289: INFO: common: yaml file: config\config.yaml loaded successfully]
[2024-07-23 19:19:00,297: INFO: common: yaml file: params.yaml loaded successfully]
[2024-07-23 19:19:00,301: INFO: common: created directory at: artifacts]
[2024-07-23 19:19:00,302: INFO: common: created directory at: artifacts/data_ingestion]
[2024-07-23 19:19:00,303: INFO: data_ingestion: Trying to download file...]
[2024-07-23 19:19:00,303: INFO: data_ingestion: Download started...]
[2024-07-23 19:19:19,819: INFO: data_ingestion: artifacts/data_ingestion/data.zip download! with following info: 
Connection: close
Content-Length: 22329406
Cache-Control: max-age=300
Content-Security-Policy: default-src 'none'; style-src 'unsafe-inline'; sandbox
Content-Type: application/zip
ETag: "e33c4dcc8f22340234fac4b9da4a20b304912be521f658008139809163a077ea"
Strict-Transport-Security: max-age=31536000
X-Content-Type-Options: nosniff
X-Frame-Options: deny
X-XSS-Protection: 1; mode=block
X-GitHub-Request-Id: 7845:08F4:D3BAE:10BEF7:669FB4CF
Accept-Ranges: bytes
Date: Tue, 23 Jul 2024 13:49:06 GMT
Via: 1.1 varnish
X-Served-By: cache-del21732-DEL
X-Cache: MISS
X-Cache-Hits: 0
X-Timer: S1721742545.902859,VS0,VE1653
Vary: Authorization,Accept-Encoding,Origin
Access-Control-Allow-Origin: *
Cross-Origin-Resource-Policy: cross-origin
X-Fastly-Request-ID: 95fb3e37dd37e42aee285b53b3dc11b17c2b5287
Expires: Tue, 23 Jul 2024 13:54:06 GMT
Source-Age: 1

]
[2024-07-23 19:19:19,823: INFO: data_ingestion: unzipping file and removing unawanted files]
[2024-07-23 19:19:20,058: INFO: data_ingestion: removing file:artifacts/data_ingestion\PetImages/Dog/11702.jpg of size: ~ 0 KB]
[2024-07-23 19:19:20,265: INFO: main: >>>>>> stage Data Ingestion stage completed <<<<<<

x==========x]
[2024-07-23 19:54:53,206: INFO: utils: Note: NumExpr detected 16 cores but "NUMEXPR_MAX_THREADS" not set, so enforcing safe limit of 8.]
[2024-07-23 19:54:53,207: INFO: utils: NumExpr defaulting to 8 threads.]
[2024-07-23 19:54:54,100: INFO: main: >>>>>> stage Data Ingestion stage started <<<<<<]
[2024-07-23 19:54:54,110: INFO: common: yaml file: config\config.yaml loaded successfully]
[2024-07-23 19:54:54,118: INFO: common: yaml file: params.yaml loaded successfully]
[2024-07-23 19:54:54,119: INFO: common: created directory at: artifacts]
[2024-07-23 19:54:54,120: INFO: common: created directory at: artifacts/data_ingestion]
[2024-07-23 19:54:54,120: INFO: data_ingestion: Trying to download file...]
[2024-07-23 19:54:54,120: INFO: data_ingestion: Download started...]
[2024-07-23 19:55:44,514: INFO: data_ingestion: artifacts/data_ingestion/data.zip download! with following info: 
Connection: close
Content-Length: 22329406
Cache-Control: max-age=300
Content-Security-Policy: default-src 'none'; style-src 'unsafe-inline'; sandbox
Content-Type: application/zip
ETag: "e33c4dcc8f22340234fac4b9da4a20b304912be521f658008139809163a077ea"
Strict-Transport-Security: max-age=31536000
X-Content-Type-Options: nosniff
X-Frame-Options: deny
X-XSS-Protection: 1; mode=block
X-GitHub-Request-Id: 7845:08F4:D3BAE:10BEF7:669FB4CF
Accept-Ranges: bytes
Date: Tue, 23 Jul 2024 14:24:58 GMT
Via: 1.1 varnish
X-Served-By: cache-del21744-DEL
X-Cache: HIT
X-Cache-Hits: 0
X-Timer: S1721744698.721479,VS0,VE653
Vary: Authorization,Accept-Encoding,Origin
Access-Control-Allow-Origin: *
Cross-Origin-Resource-Policy: cross-origin
X-Fastly-Request-ID: 532ac436331e9bc45147fc1b252f9a88fd7770b1
Expires: Tue, 23 Jul 2024 14:29:58 GMT
Source-Age: 0

]
[2024-07-23 19:55:44,517: INFO: data_ingestion: unzipping file and removing unawanted files]
[2024-07-23 19:55:44,780: INFO: data_ingestion: removing file:artifacts/data_ingestion\PetImages/Dog/11702.jpg of size: ~ 0 KB]
[2024-07-23 19:55:45,023: INFO: main: >>>>>> stage Data Ingestion stage completed <<<<<<

x==========x]
[2024-07-23 19:55:45,024: INFO: main: *******************]
[2024-07-23 19:55:45,024: INFO: main: >>>>>> stage Prepare base model started <<<<<<]
[2024-07-23 19:55:45,026: INFO: common: yaml file: config\config.yaml loaded successfully]
[2024-07-23 19:55:45,029: INFO: common: yaml file: params.yaml loaded successfully]
[2024-07-23 19:55:45,029: INFO: common: created directory at: artifacts]
[2024-07-23 19:55:45,030: INFO: common: created directory at: artifacts/prepare_base_model]
[2024-07-23 19:55:45,604: WARNING: saving_api: You are saving your model as an HDF5 file via `model.save()` or `keras.saving.save_model(model)`. This file format is considered legacy. We recommend using instead the native Keras format, e.g. `model.save('my_model.keras')` or `keras.saving.save_model(model, 'my_model.keras')`. ]
[2024-07-23 19:55:45,871: WARNING: saving_api: You are saving your model as an HDF5 file via `model.save()` or `keras.saving.save_model(model)`. This file format is considered legacy. We recommend using instead the native Keras format, e.g. `model.save('my_model.keras')` or `keras.saving.save_model(model, 'my_model.keras')`. ]
[2024-07-23 19:55:45,982: INFO: main: >>>>>> stage Prepare base model completed <<<<<<

x==========x]
